2020-04-29 10:39:34,595 INFO c.c.Analysis [main] Программа начала своё выполнение!
2020-04-29 10:39:34,621 INFO c.c.Analysis [main] Сканируемые хосты: 127.0.0.1-2,87.240.139.194-198,160.153.136.3-5
2020-04-29 10:39:34,622 INFO c.c.Analysis [main] Сканируемые порты: 80-82,888-889,631,443
2020-04-29 10:39:34,622 INFO c.c.Analysis [main] Распознавание входных данных прошло успешно.
2020-04-29 10:39:34,622 INFO c.c.Analysis [main] Начался процесс сканирования.
2020-04-29 10:39:34,626 INFO c.c.Scanner [pool-2-thread-1] Начато сканирование хоста: /127.0.0.2
2020-04-29 10:39:34,626 INFO c.c.Scanner [pool-2-thread-2] Начато сканирование хоста: /87.240.139.195
2020-04-29 10:39:34,627 INFO c.c.Scanner [pool-2-thread-4] Начато сканирование хоста: /87.240.139.194
2020-04-29 10:39:34,628 INFO c.c.Scanner [pool-2-thread-3] Начато сканирование хоста: /160.153.136.3
2020-04-29 10:39:34,630 INFO c.c.Scanner [pool-2-thread-5] Начато сканирование хоста: /87.240.139.196
2020-04-29 10:39:34,642 INFO c.c.Scanner [pool-2-thread-4] Подключение к порту прошло успешно: 80
2020-04-29 10:39:34,678 INFO c.c.Scanner [pool-2-thread-3] Подключение к порту прошло успешно: 80
2020-04-29 10:39:34,727 ERROR c.c.Scanner [pool-2-thread-1] Не удалось подключиться к порту: 80
2020-04-29 10:39:34,728 ERROR c.c.Scanner [pool-2-thread-2] Не удалось подключиться к порту: 80
2020-04-29 10:39:34,731 ERROR c.c.Scanner [pool-2-thread-5] Не удалось подключиться к порту: 80
2020-04-29 10:39:34,764 ERROR c.c.Scanner [pool-2-thread-4] Не удалось подключиться к порту: 81
2020-04-29 10:39:34,781 ERROR c.c.Scanner [pool-2-thread-3] Не удалось подключиться к порту: 81
2020-04-29 10:39:34,828 ERROR c.c.Scanner [pool-2-thread-1] Не удалось подключиться к порту: 81
2020-04-29 10:39:34,830 ERROR c.c.Scanner [pool-2-thread-2] Не удалось подключиться к порту: 81
2020-04-29 10:39:34,833 ERROR c.c.Scanner [pool-2-thread-5] Не удалось подключиться к порту: 81
2020-04-29 10:39:34,868 ERROR c.c.Scanner [pool-2-thread-4] Не удалось подключиться к порту: 888
2020-04-29 10:39:34,881 ERROR c.c.Scanner [pool-2-thread-3] Не удалось подключиться к порту: 888
2020-04-29 10:39:34,929 ERROR c.c.Scanner [pool-2-thread-1] Не удалось подключиться к порту: 888
2020-04-29 10:39:34,930 ERROR c.c.Scanner [pool-2-thread-2] Не удалось подключиться к порту: 888
2020-04-29 10:39:34,935 ERROR c.c.Scanner [pool-2-thread-5] Не удалось подключиться к порту: 888
2020-04-29 10:39:34,971 ERROR c.c.Scanner [pool-2-thread-4] Не удалось подключиться к порту: 82
2020-04-29 10:39:34,983 ERROR c.c.Scanner [pool-2-thread-3] Не удалось подключиться к порту: 82
2020-04-29 10:39:34,986 INFO c.c.Scanner [pool-2-thread-4] Подключение к порту прошло успешно: 443
2020-04-29 10:39:35,030 INFO c.c.Scanner [pool-2-thread-3] Подключение к порту прошло успешно: 443
2020-04-29 10:39:35,031 ERROR c.c.Scanner [pool-2-thread-2] Не удалось подключиться к порту: 82
2020-04-29 10:39:35,031 ERROR c.c.Scanner [pool-2-thread-1] Не удалось подключиться к порту: 82
2020-04-29 10:39:35,037 ERROR c.c.Scanner [pool-2-thread-5] Не удалось подключиться к порту: 82
2020-04-29 10:39:35,088 ERROR c.c.Scanner [pool-2-thread-4] Не удалось подключиться к порту: 631
2020-04-29 10:39:35,131 ERROR c.c.Scanner [pool-2-thread-3] Не удалось подключиться к порту: 631
2020-04-29 10:39:35,132 ERROR c.c.Scanner [pool-2-thread-2] Не удалось подключиться к порту: 443
2020-04-29 10:39:35,133 ERROR c.c.Scanner [pool-2-thread-1] Не удалось подключиться к порту: 443
2020-04-29 10:39:35,141 ERROR c.c.Scanner [pool-2-thread-5] Не удалось подключиться к порту: 443
2020-04-29 10:39:35,190 ERROR c.c.Scanner [pool-2-thread-4] Не удалось подключиться к порту: 889
2020-04-29 10:39:35,190 INFO c.c.Scanner [pool-2-thread-4] Сканирование завершено.
2020-04-29 10:39:35,191 INFO c.c.Scanner [pool-2-thread-4] Начато сканирование хоста: /127.0.0.1
2020-04-29 10:39:35,232 ERROR c.c.Scanner [pool-2-thread-3] Не удалось подключиться к порту: 889
2020-04-29 10:39:35,232 INFO c.c.Scanner [pool-2-thread-3] Сканирование завершено.
2020-04-29 10:39:35,233 INFO c.c.Scanner [pool-2-thread-3] Начато сканирование хоста: /87.240.139.198
2020-04-29 10:39:35,235 ERROR c.c.Scanner [pool-2-thread-2] Не удалось подключиться к порту: 631
2020-04-29 10:39:35,235 ERROR c.c.Scanner [pool-2-thread-1] Не удалось подключиться к порту: 631
2020-04-29 10:39:35,243 ERROR c.c.Scanner [pool-2-thread-5] Не удалось подключиться к порту: 631
2020-04-29 10:39:35,292 ERROR c.c.Scanner [pool-2-thread-4] Не удалось подключиться к порту: 80
2020-04-29 10:39:35,334 ERROR c.c.Scanner [pool-2-thread-3] Не удалось подключиться к порту: 80
2020-04-29 10:39:35,337 ERROR c.c.Scanner [pool-2-thread-2] Не удалось подключиться к порту: 889
2020-04-29 10:39:35,337 ERROR c.c.Scanner [pool-2-thread-1] Не удалось подключиться к порту: 889
2020-04-29 10:39:35,337 INFO c.c.Scanner [pool-2-thread-1] Сканирование завершено.
2020-04-29 10:39:35,337 INFO c.c.Scanner [pool-2-thread-2] Сканирование завершено.
2020-04-29 10:39:35,337 INFO c.c.Scanner [pool-2-thread-1] Начато сканирование хоста: /160.153.136.5
2020-04-29 10:39:35,337 INFO c.c.Scanner [pool-2-thread-2] Начато сканирование хоста: /160.153.136.4
2020-04-29 10:39:35,345 ERROR c.c.Scanner [pool-2-thread-5] Не удалось подключиться к порту: 889
2020-04-29 10:39:35,345 INFO c.c.Scanner [pool-2-thread-5] Сканирование завершено.
2020-04-29 10:39:35,345 INFO c.c.Scanner [pool-2-thread-5] Начато сканирование хоста: /87.240.139.197
2020-04-29 10:39:35,385 INFO c.c.Scanner [pool-2-thread-1] Подключение к порту прошло успешно: 80
2020-04-29 10:39:35,386 INFO c.c.Scanner [pool-2-thread-2] Подключение к порту прошло успешно: 80
2020-04-29 10:39:35,394 ERROR c.c.Scanner [pool-2-thread-4] Не удалось подключиться к порту: 81
2020-04-29 10:39:35,436 ERROR c.c.Scanner [pool-2-thread-3] Не удалось подключиться к порту: 81
2020-04-29 10:39:35,448 ERROR c.c.Scanner [pool-2-thread-5] Не удалось подключиться к порту: 80
2020-04-29 10:39:35,488 ERROR c.c.Scanner [pool-2-thread-1] Не удалось подключиться к порту: 81
2020-04-29 10:39:35,488 ERROR c.c.Scanner [pool-2-thread-2] Не удалось подключиться к порту: 81
2020-04-29 10:39:35,496 ERROR c.c.Scanner [pool-2-thread-4] Не удалось подключиться к порту: 888
2020-04-29 10:39:35,538 ERROR c.c.Scanner [pool-2-thread-3] Не удалось подключиться к порту: 888
2020-04-29 10:39:35,550 ERROR c.c.Scanner [pool-2-thread-5] Не удалось подключиться к порту: 81
2020-04-29 10:39:35,589 ERROR c.c.Scanner [pool-2-thread-2] Не удалось подключиться к порту: 888
2020-04-29 10:39:35,589 ERROR c.c.Scanner [pool-2-thread-1] Не удалось подключиться к порту: 888
2020-04-29 10:39:35,598 ERROR c.c.Scanner [pool-2-thread-4] Не удалось подключиться к порту: 82
2020-04-29 10:39:35,639 ERROR c.c.Scanner [pool-2-thread-3] Не удалось подключиться к порту: 82
2020-04-29 10:39:35,651 ERROR c.c.Scanner [pool-2-thread-5] Не удалось подключиться к порту: 888
2020-04-29 10:39:35,690 ERROR c.c.Scanner [pool-2-thread-1] Не удалось подключиться к порту: 82
2020-04-29 10:39:35,690 ERROR c.c.Scanner [pool-2-thread-2] Не удалось подключиться к порту: 82
2020-04-29 10:39:35,700 ERROR c.c.Scanner [pool-2-thread-4] Не удалось подключиться к порту: 443
2020-04-29 10:39:35,736 INFO c.c.Scanner [pool-2-thread-2] Подключение к порту прошло успешно: 443
2020-04-29 10:39:35,737 INFO c.c.Scanner [pool-2-thread-1] Подключение к порту прошло успешно: 443
2020-04-29 10:39:35,741 ERROR c.c.Scanner [pool-2-thread-3] Не удалось подключиться к порту: 443
2020-04-29 10:39:35,753 ERROR c.c.Scanner [pool-2-thread-5] Не удалось подключиться к порту: 82
2020-04-29 10:39:35,800 ERROR c.c.Scanner [pool-2-thread-4] Не удалось подключиться к порту: 631
2020-04-29 10:39:35,838 ERROR c.c.Scanner [pool-2-thread-2] Не удалось подключиться к порту: 631
2020-04-29 10:39:35,839 ERROR c.c.Scanner [pool-2-thread-1] Не удалось подключиться к порту: 631
2020-04-29 10:39:35,843 ERROR c.c.Scanner [pool-2-thread-3] Не удалось подключиться к порту: 631
2020-04-29 10:39:35,853 ERROR c.c.Scanner [pool-2-thread-5] Не удалось подключиться к порту: 443
2020-04-29 10:39:35,902 ERROR c.c.Scanner [pool-2-thread-4] Не удалось подключиться к порту: 889
2020-04-29 10:39:35,902 INFO c.c.Scanner [pool-2-thread-4] Сканирование завершено.
2020-04-29 10:39:35,939 ERROR c.c.Scanner [pool-2-thread-2] Не удалось подключиться к порту: 889
2020-04-29 10:39:35,939 INFO c.c.Scanner [pool-2-thread-2] Сканирование завершено.
2020-04-29 10:39:35,940 ERROR c.c.Scanner [pool-2-thread-1] Не удалось подключиться к порту: 889
2020-04-29 10:39:35,940 INFO c.c.Scanner [pool-2-thread-1] Сканирование завершено.
2020-04-29 10:39:35,944 ERROR c.c.Scanner [pool-2-thread-3] Не удалось подключиться к порту: 889
2020-04-29 10:39:35,944 INFO c.c.Scanner [pool-2-thread-3] Сканирование завершено.
2020-04-29 10:39:35,955 ERROR c.c.Scanner [pool-2-thread-5] Не удалось подключиться к порту: 631
2020-04-29 10:39:36,057 ERROR c.c.Scanner [pool-2-thread-5] Не удалось подключиться к порту: 889
2020-04-29 10:39:36,057 INFO c.c.Scanner [pool-2-thread-5] Сканирование завершено.
2020-04-29 10:39:36,058 INFO c.c.Scanner [main] Начат процесс сериализации.
2020-04-29 10:39:36,200 INFO c.c.Scanner [main] Запись в файл прошла успешно.
2020-04-29 10:39:36,201 INFO c.c.Scanner [main] Программа закончила свою работу.
